TN:
SF:src/store/index.ts
FN:54,setUploadedData
FN:57,addGroupingTask
FN:58,replaceGroupingTasks
FN:59,updateGroupingTask
FN:65,removeGroupingTask
FN:71,setCurrentStep
FN:74,addAssignedStudents
FN:78,removeAssignedStudents
FN:86,setTaskDrafts
FN:101,setFaceEnabled
FN:113,setFaceFeatures
FN:129,setFaceExaggeration
FNF:12
FNH:2
FNDA:0,setUploadedData
FNDA:0,addGroupingTask
FNDA:0,replaceGroupingTasks
FNDA:0,updateGroupingTask
FNDA:0,removeGroupingTask
FNDA:1,setCurrentStep
FNDA:0,addAssignedStudents
FNDA:0,removeAssignedStudents
FNDA:0,setTaskDrafts
FNDA:0,setFaceEnabled
FNDA:0,setFaceFeatures
FNDA:3,setFaceExaggeration
DA:1,1
DA:9,1
DA:52,1
DA:53,1
DA:54,1
DA:56,1
DA:57,1
DA:58,1
DA:59,1
DA:60,0
DA:61,0
DA:62,0
DA:63,0
DA:64,0
DA:65,1
DA:66,0
DA:67,0
DA:68,0
DA:70,1
DA:71,1
DA:73,1
DA:74,1
DA:75,0
DA:76,0
DA:77,0
DA:78,1
DA:79,0
DA:80,0
DA:81,0
DA:82,0
DA:83,0
DA:85,1
DA:86,1
DA:88,1
DA:89,1
DA:90,1
DA:91,1
DA:92,1
DA:93,1
DA:94,1
DA:95,1
DA:96,1
DA:97,1
DA:98,1
DA:99,1
DA:100,1
DA:101,1
DA:102,0
DA:103,0
DA:104,0
DA:105,0
DA:106,0
DA:107,0
DA:108,0
DA:109,0
DA:110,0
DA:111,0
DA:112,0
DA:113,1
DA:114,0
DA:115,0
DA:116,0
DA:117,0
DA:118,0
DA:119,0
DA:120,0
DA:121,0
DA:122,0
DA:123,0
DA:124,0
DA:125,0
DA:126,0
DA:127,0
DA:128,0
DA:129,1
DA:130,3
DA:131,3
DA:132,3
DA:133,3
DA:134,0
DA:135,0
DA:136,3
DA:137,3
DA:138,3
DA:139,3
DA:140,3
DA:141,3
DA:142,3
DA:143,3
DA:144,3
DA:145,3
DA:146,3
DA:147,3
DA:148,3
DA:149,3
DA:150,3
DA:151,1
LF:97
LH:53
BRDA:52,0,0,1
BRDA:71,1,0,1
BRDA:129,2,0,3
BRDA:130,3,0,3
BRDA:133,4,0,0
BRF:5
BRH:4
end_of_record
TN:
SF:src/utils/excelParser.ts
FN:5,createEmptyLearningStyle
FN:26,parseExcelFile
FN:162,parsePhotoFiles
FN:220,validateStudentData
FN:244,matchStudentsWithPhotos
FN:279,calculateDataStatistics
FNF:6
FNH:3
FNDA:0,createEmptyLearningStyle
FNDA:0,parseExcelFile
FNDA:0,parsePhotoFiles
FNDA:3,validateStudentData
FNDA:3,matchStudentsWithPhotos
FNDA:1,calculateDataStatistics
DA:1,1
DA:3,1
DA:5,1
DA:6,0
DA:7,0
DA:8,0
DA:9,0
DA:10,0
DA:11,0
DA:12,0
DA:13,0
DA:14,0
DA:15,0
DA:16,0
DA:17,0
DA:18,0
DA:20,1
DA:21,1
DA:26,0
DA:27,0
DA:28,0
DA:30,0
DA:31,0
DA:32,0
DA:33,0
DA:34,0
DA:35,0
DA:37,0
DA:38,0
DA:39,0
DA:40,0
DA:41,0
DA:42,0
DA:43,0
DA:44,0
DA:46,0
DA:48,0
DA:49,0
DA:50,0
DA:51,0
DA:53,0
DA:54,0
DA:55,0
DA:56,0
DA:57,0
DA:59,0
DA:60,0
DA:61,0
DA:62,0
DA:63,0
DA:64,0
DA:65,0
DA:67,0
DA:68,0
DA:69,0
DA:70,0
DA:71,0
DA:72,0
DA:73,0
DA:74,0
DA:75,0
DA:76,0
DA:78,0
DA:79,0
DA:80,0
DA:81,0
DA:82,0
DA:83,0
DA:84,0
DA:85,0
DA:86,0
DA:87,0
DA:88,0
DA:89,0
DA:91,0
DA:92,0
DA:93,0
DA:94,0
DA:95,0
DA:96,0
DA:97,0
DA:99,0
DA:100,0
DA:101,0
DA:102,0
DA:104,0
DA:105,0
DA:106,0
DA:108,0
DA:109,0
DA:110,0
DA:111,0
DA:112,0
DA:114,0
DA:115,0
DA:116,0
DA:117,0
DA:118,0
DA:119,0
DA:122,0
DA:123,0
DA:126,0
DA:127,0
DA:128,0
DA:129,0
DA:130,0
DA:131,0
DA:132,0
DA:133,0
DA:134,0
DA:135,0
DA:136,0
DA:137,0
DA:138,0
DA:139,0
DA:140,0
DA:142,0
DA:143,0
DA:145,0
DA:146,0
DA:147,0
DA:148,0
DA:149,0
DA:151,0
DA:152,0
DA:153,0
DA:155,0
DA:156,0
DA:157,0
DA:162,0
DA:163,0
DA:165,0
DA:166,0
DA:167,0
DA:168,0
DA:169,0
DA:170,0
DA:171,0
DA:172,0
DA:173,0
DA:174,0
DA:176,0
DA:177,0
DA:178,0
DA:179,0
DA:182,0
DA:184,0
DA:185,0
DA:186,0
DA:187,0
DA:188,0
DA:190,0
DA:191,0
DA:192,0
DA:193,0
DA:194,0
DA:195,0
DA:196,0
DA:197,0
DA:199,0
DA:200,0
DA:201,0
DA:202,0
DA:203,0
DA:205,0
DA:206,0
DA:207,0
DA:208,0
DA:209,0
DA:210,0
DA:211,0
DA:212,0
DA:214,0
DA:215,0
DA:220,1
DA:223,3
DA:224,3
DA:226,3
DA:227,4
DA:228,1
DA:229,1
DA:230,4
DA:231,1
DA:232,1
DA:233,3
DA:235,3
DA:236,3
DA:237,3
DA:238,3
DA:239,3
DA:244,1
DA:245,3
DA:246,3
DA:247,3
DA:248,3
DA:250,6
DA:253,6
DA:254,5
DA:255,5
DA:257,6
DA:258,4
DA:259,4
DA:261,6
DA:262,4
DA:263,4
DA:265,6
DA:266,3
DA:267,3
DA:269,6
DA:270,6
DA:271,6
DA:272,6
DA:273,3
DA:274,3
DA:279,1
DA:280,1
DA:281,1
DA:282,1
DA:283,1
DA:285,1
DA:286,1
DA:287,1
DA:288,1
DA:289,1
DA:290,1
DA:291,1
DA:292,1
DA:293,1
DA:294,1
LF:229
LH:60
BRDA:220,0,0,3
BRDA:226,1,0,4
BRDA:227,2,0,1
BRDA:230,3,0,1
BRDA:244,4,0,3
BRDA:248,5,0,6
BRDA:253,6,0,5
BRDA:257,7,0,4
BRDA:261,8,0,4
BRDA:265,9,0,3
BRDA:279,10,0,1
BRDA:281,11,0,2
BRDA:282,12,0,2
BRDA:283,13,0,2
BRF:14
BRH:14
end_of_record
TN:
SF:src/utils/groupingAlgorithm.ts
FN:21,initializeRandomGroups
FN:46,calculateGroupStatistics
FN:90,cloneGroupStatistics
FN:105,cloneGroups
FN:114,initializeSeededGroups
FN:154,getEligibleGroupIndices
FN:165,pickUnlockedMemberIndex
FN:180,calculateGroupingQualityScore
FN:232,optimizeGrouping
FN:316,optimizeGroupingWithSeeds
FN:419,calculateOverallStatistics
FN:454,balancedRandomGrouping
FNF:12
FNH:12
FNDA:4,initializeRandomGroups
FNDA:23796,calculateGroupStatistics
FNDA:198,cloneGroupStatistics
FNDA:50,cloneGroups
FNDA:3,initializeSeededGroups
FNDA:5501,getEligibleGroupIndices
FNDA:11000,pickUnlockedMemberIndex
FNDA:6509,calculateGroupingQualityScore
FNDA:4,optimizeGrouping
FNDA:3,optimizeGroupingWithSeeds
FNDA:4,calculateOverallStatistics
FNDA:1,balancedRandomGrouping
DA:2,1
DA:21,1
DA:22,4
DA:23,4
DA:24,4
DA:25,4
DA:26,4
DA:27,4
DA:29,4
DA:30,15
DA:31,15
DA:32,15
DA:33,15
DA:34,15
DA:35,15
DA:36,15
DA:37,15
DA:39,4
DA:40,4
DA:41,4
DA:46,1
DA:47,23796
DA:48,5
DA:49,5
DA:50,5
DA:51,5
DA:52,5
DA:53,5
DA:54,5
DA:55,5
DA:56,5
DA:57,5
DA:59,23791
DA:60,23791
DA:61,23791
DA:62,23791
DA:65,23791
DA:66,23791
DA:69,23791
DA:72,23791
DA:74,23791
DA:75,23796
DA:76,23796
DA:77,23796
DA:78,23796
DA:79,23796
DA:80,23796
DA:81,23796
DA:82,23796
DA:83,23796
DA:90,198
DA:91,198
DA:92,198
DA:94,198
DA:95,198
DA:96,198
DA:97,198
DA:98,198
DA:99,198
DA:100,198
DA:101,198
DA:102,198
DA:103,198
DA:105,50
DA:106,50
DA:107,198
DA:108,198
DA:109,198
DA:110,198
DA:111,50
DA:112,50
DA:114,3
DA:115,3
DA:116,3
DA:117,3
DA:118,3
DA:119,3
DA:120,3
DA:121,10
DA:122,10
DA:123,10
DA:124,10
DA:125,3
DA:126,3
DA:127,3
DA:128,3
DA:130,3
DA:131,3
DA:133,3
DA:134,10
DA:135,10
DA:136,44
DA:137,44
DA:138,44
DA:139,3
DA:141,3
DA:142,0
DA:143,0
DA:144,0
DA:145,0
DA:147,3
DA:148,10
DA:149,3
DA:151,3
DA:152,3
DA:154,5501
DA:155,5501
DA:156,5501
DA:157,22002
DA:158,22002
DA:159,22000
DA:160,22000
DA:161,5501
DA:162,5501
DA:163,5501
DA:165,11000
DA:166,11000
DA:167,11000
DA:168,11000
DA:169,11000
DA:170,11000
DA:171,11000
DA:172,11000
DA:173,11000
DA:174,0
DA:175,0
DA:176,11000
DA:177,11000
DA:178,11000
DA:180,1
DA:182,6509
DA:183,6509
DA:184,6509
DA:187,6509
DA:188,6509
DA:189,6509
DA:192,6509
DA:193,6509
DA:194,6509
DA:197,6509
DA:198,6509
DA:201,6509
DA:202,6509
DA:203,6509
DA:206,6509
DA:207,6509
DA:208,6509
DA:209,6509
DA:210,6509
DA:211,6509
DA:213,6509
DA:214,6509
DA:215,6509
DA:218,6509
DA:219,6509
DA:220,6509
DA:221,6509
DA:222,6509
DA:223,6509
DA:224,6509
DA:226,6509
DA:227,6509
DA:232,1
DA:233,4
DA:234,4
DA:235,4
DA:236,4
DA:237,4
DA:238,4
DA:239,4
DA:240,3
DA:241,3
DA:242,3
DA:243,3
DA:244,3
DA:245,3
DA:246,3
DA:247,3
DA:249,1
DA:250,1
DA:251,1
DA:252,1
DA:254,1
DA:255,1
DA:257,4
DA:258,1000
DA:259,0
DA:260,0
DA:262,1000
DA:263,1000
DA:264,1000
DA:265,1000
DA:266,0
DA:268,1000
DA:269,1000
DA:271,1000
DA:272,1000
DA:273,1000
DA:275,1000
DA:276,1000
DA:278,1000
DA:279,1000
DA:281,1000
DA:282,217
DA:283,217
DA:284,24
DA:285,24
DA:286,24
DA:287,1000
DA:288,783
DA:289,783
DA:290,783
DA:292,783
DA:293,783
DA:294,783
DA:296,1000
DA:297,1000
DA:298,0
DA:299,0
DA:300,1000
DA:302,1
DA:303,1
DA:304,4
DA:305,4
DA:306,1
DA:307,1
DA:309,1
DA:310,1
DA:311,1
DA:312,1
DA:313,1
DA:314,1
DA:316,3
DA:317,3
DA:318,3
DA:319,3
DA:320,3
DA:321,3
DA:322,3
DA:323,3
DA:324,0
DA:325,0
DA:327,3
DA:329,3
DA:330,0
DA:331,0
DA:332,0
DA:333,0
DA:334,0
DA:335,0
DA:336,0
DA:337,0
DA:338,0
DA:339,0
DA:340,0
DA:341,0
DA:342,0
DA:343,0
DA:345,3
DA:346,3
DA:347,3
DA:349,3
DA:350,3
DA:352,3
DA:353,5501
DA:354,5501
DA:355,1
DA:356,1
DA:358,5500
DA:359,5500
DA:360,5501
DA:361,7360
DA:362,7360
DA:364,5500
DA:365,5500
DA:367,5501
DA:368,0
DA:369,0
DA:371,5500
DA:372,5500
DA:373,5500
DA:375,5500
DA:376,5500
DA:378,5500
DA:379,5500
DA:381,5501
DA:382,910
DA:383,910
DA:384,22
DA:385,22
DA:386,22
DA:387,5501
DA:388,4590
DA:389,4590
DA:390,4590
DA:392,4590
DA:393,4590
DA:394,4590
DA:396,5500
DA:397,5501
DA:398,0
DA:399,0
DA:400,5501
DA:402,3
DA:403,3
DA:404,10
DA:405,10
DA:406,3
DA:407,3
DA:409,3
DA:410,3
DA:411,3
DA:412,3
DA:413,3
DA:414,3
DA:419,4
DA:420,4
DA:421,0
DA:422,0
DA:423,0
DA:424,0
DA:425,0
DA:426,0
DA:427,0
DA:428,0
DA:429,0
DA:430,0
DA:432,4
DA:433,4
DA:435,4
DA:436,4
DA:437,4
DA:438,4
DA:440,4
DA:441,4
DA:442,4
DA:443,4
DA:444,4
DA:445,4
DA:446,4
DA:447,4
DA:448,4
DA:449,4
DA:454,1
DA:455,1
DA:456,1
DA:457,1
DA:458,1
DA:459,1
DA:460,1
DA:461,1
DA:462,1
DA:463,1
DA:464,1
DA:465,1
DA:466,1
DA:468,1
DA:469,1
LF:358
LH:317
BRDA:21,0,0,4
BRDA:29,1,0,15
BRDA:25,2,0,308
BRDA:46,3,0,23796
BRDA:47,4,0,5
BRDA:57,5,0,23791
BRDA:75,6,0,0
BRDA:59,7,0,142735
BRDA:60,8,0,142735
BRDA:61,9,0,142735
BRDA:62,10,0,142735
BRDA:65,11,0,142735
BRDA:90,12,0,198
BRDA:105,13,0,50
BRDA:106,14,0,198
BRDA:114,15,0,3
BRDA:141,16,0,0
BRDA:141,17,0,0
BRDA:119,18,0,7
BRDA:120,19,0,10
BRDA:127,20,0,10
BRDA:127,21,0,16
BRDA:130,22,0,139
BRDA:133,23,0,10
BRDA:135,24,0,44
BRDA:135,25,0,44
BRDA:147,26,0,10
BRDA:154,27,0,5501
BRDA:156,28,0,22002
BRDA:158,29,0,22000
BRDA:157,30,0,28512
BRDA:165,31,0,11000
BRDA:173,32,0,0
BRDA:171,33,0,66000
BRDA:171,34,0,3264
BRDA:171,35,0,62736
BRDA:172,36,0,66000
BRDA:180,37,0,6509
BRDA:182,38,0,26032
BRDA:187,39,0,26032
BRDA:192,40,0,26032
BRDA:197,41,0,26032
BRDA:202,42,0,26032
BRDA:206,43,0,26032
BRDA:208,44,0,26032
BRDA:208,45,0,104128
BRDA:211,46,0,26036
BRDA:213,47,0,26032
BRDA:232,48,0,4
BRDA:239,49,0,3
BRDA:239,50,0,3
BRDA:239,51,0,3
BRDA:247,52,0,1
BRDA:257,53,0,1000
BRDA:258,54,0,0
BRDA:265,55,0,0
BRDA:281,56,0,891
BRDA:281,57,0,217
BRDA:283,58,0,24
BRDA:287,59,0,783
BRDA:297,60,0,0
BRDA:300,61,0,1
BRDA:302,62,0,3
BRDA:303,63,0,4
BRDA:316,64,0,3
BRDA:323,65,0,0
BRDA:329,66,0,0
BRDA:352,67,0,5501
BRDA:354,68,0,1
BRDA:356,69,0,5500
BRDA:360,70,0,7360
BRDA:362,71,0,5500
BRDA:367,72,0,0
BRDA:369,73,0,5500
BRDA:381,74,0,5034
BRDA:381,75,0,910
BRDA:383,76,0,22
BRDA:387,77,0,4590
BRDA:394,78,0,5500
BRDA:397,79,0,0
BRDA:402,80,0,7
BRDA:403,81,0,10
BRDA:419,82,0,4
BRDA:420,83,0,0
BRDA:432,84,0,14
BRDA:435,85,0,14
BRDA:436,86,0,14
BRDA:437,87,0,14
BRDA:438,88,0,14
BRDA:447,89,0,14
BRDA:454,90,0,1
BRF:91
BRH:79
end_of_record
TN:
SF:src/utils/learningStyleUtils.ts
FN:6,normalizeValue
FN:14,normalizeStudentData
FN:38,getLearningStyleVector
FN:50,calculateLearningStyleDistance
FN:64,calculateAverageLearningStyle
FN:81,calculateIntraGroupDiversity
FN:103,calculateVectorDistance
FN:111,calculateVariance
FN:122,calculateStdDev
FN:130,calculateLearningStyleFromILS
FNF:10
FNH:6
FNDA:0,normalizeValue
FNDA:0,normalizeStudentData
FNDA:856413,getLearningStyleVector
FNDA:356839,calculateLearningStyleDistance
FNDA:23791,calculateAverageLearningStyle
FNDA:23791,calculateIntraGroupDiversity
FNDA:26032,calculateVectorDistance
FNDA:26048,calculateVariance
FNDA:0,calculateStdDev
FNDA:0,calculateLearningStyleFromILS
DA:6,1
DA:7,0
DA:8,0
DA:9,0
DA:14,1
DA:16,0
DA:17,0
DA:18,0
DA:20,0
DA:21,0
DA:22,0
DA:23,0
DA:24,0
DA:25,0
DA:27,0
DA:28,0
DA:29,0
DA:30,0
DA:31,0
DA:32,0
DA:33,0
DA:38,1
DA:39,856413
DA:40,856413
DA:41,856413
DA:42,856413
DA:43,856413
DA:44,856413
DA:45,856413
DA:50,1
DA:51,356839
DA:52,356839
DA:53,356839
DA:54,356839
DA:55,356839
DA:57,356839
DA:58,356839
DA:59,356839
DA:64,1
DA:65,23791
DA:67,23791
DA:68,23791
DA:69,142735
DA:70,142735
DA:71,142735
DA:72,23791
DA:73,23791
DA:75,23791
DA:76,23791
DA:81,1
DA:82,23791
DA:84,23789
DA:85,23789
DA:87,23791
DA:88,142733
DA:89,356839
DA:90,356839
DA:91,356839
DA:92,356839
DA:93,356839
DA:94,356839
DA:95,142733
DA:97,23791
DA:98,23791
DA:103,1
DA:104,26032
DA:105,26032
DA:106,26032
DA:111,1
DA:112,26048
DA:114,26048
DA:115,26048
DA:116,26048
DA:117,26048
DA:122,1
DA:123,0
DA:124,0
DA:130,1
DA:131,0
DA:132,0
DA:133,0
DA:135,0
DA:136,0
DA:137,0
DA:138,0
DA:139,0
DA:141,0
DA:142,0
DA:143,0
DA:144,0
DA:145,0
DA:146,0
DA:148,0
DA:149,0
DA:150,0
DA:151,0
DA:152,0
DA:153,0
DA:154,0
DA:155,0
DA:156,0
DA:157,0
DA:158,0
DA:159,0
DA:160,0
DA:161,0
DA:163,0
DA:164,0
DA:165,0
DA:166,0
DA:167,0
DA:168,0
DA:171,0
DA:172,0
DA:173,0
DA:174,0
DA:176,0
DA:177,0
LF:118
LH:57
BRDA:38,0,0,856413
BRDA:50,1,0,356839
BRDA:57,2,0,1427356
BRDA:64,3,0,23791
BRDA:65,4,0,0
BRDA:68,5,0,142735
BRDA:70,6,0,570940
BRDA:75,7,0,95164
BRDA:81,8,0,23791
BRDA:82,9,0,2
BRDA:82,10,0,23789
BRDA:87,11,0,142733
BRDA:88,12,0,356839
BRDA:95,13,0,23789
BRDA:97,14,0,0
BRDA:103,15,0,26032
BRDA:104,16,0,104128
BRDA:111,17,0,26048
BRDA:112,18,0,0
BRDA:114,19,0,104170
BRDA:115,20,0,104170
BRDA:116,21,0,104170
BRF:22
BRH:19
end_of_record
