TN:
SF:src/store/index.ts
FN:54,setUploadedData
FN:57,addGroupingTask
FN:58,replaceGroupingTasks
FN:59,updateGroupingTask
FN:65,removeGroupingTask
FN:71,setCurrentStep
FN:74,addAssignedStudents
FN:78,removeAssignedStudents
FN:86,setTaskDrafts
FN:101,setFaceEnabled
FN:113,setFaceFeatures
FN:129,setFaceExaggeration
FNF:12
FNH:2
FNDA:0,setUploadedData
FNDA:0,addGroupingTask
FNDA:0,replaceGroupingTasks
FNDA:0,updateGroupingTask
FNDA:0,removeGroupingTask
FNDA:1,setCurrentStep
FNDA:0,addAssignedStudents
FNDA:0,removeAssignedStudents
FNDA:0,setTaskDrafts
FNDA:0,setFaceEnabled
FNDA:0,setFaceFeatures
FNDA:3,setFaceExaggeration
DA:1,1
DA:9,1
DA:52,1
DA:53,1
DA:54,1
DA:56,1
DA:57,1
DA:58,1
DA:59,1
DA:60,0
DA:61,0
DA:62,0
DA:63,0
DA:64,0
DA:65,1
DA:66,0
DA:67,0
DA:68,0
DA:70,1
DA:71,1
DA:73,1
DA:74,1
DA:75,0
DA:76,0
DA:77,0
DA:78,1
DA:79,0
DA:80,0
DA:81,0
DA:82,0
DA:83,0
DA:85,1
DA:86,1
DA:88,1
DA:89,1
DA:90,1
DA:91,1
DA:92,1
DA:93,1
DA:94,1
DA:95,1
DA:96,1
DA:97,1
DA:98,1
DA:99,1
DA:100,1
DA:101,1
DA:102,0
DA:103,0
DA:104,0
DA:105,0
DA:106,0
DA:107,0
DA:108,0
DA:109,0
DA:110,0
DA:111,0
DA:112,0
DA:113,1
DA:114,0
DA:115,0
DA:116,0
DA:117,0
DA:118,0
DA:119,0
DA:120,0
DA:121,0
DA:122,0
DA:123,0
DA:124,0
DA:125,0
DA:126,0
DA:127,0
DA:128,0
DA:129,1
DA:130,3
DA:131,3
DA:132,3
DA:133,3
DA:134,0
DA:135,0
DA:136,3
DA:137,3
DA:138,3
DA:139,3
DA:140,3
DA:141,3
DA:142,3
DA:143,3
DA:144,3
DA:145,3
DA:146,3
DA:147,3
DA:148,3
DA:149,3
DA:150,3
DA:151,1
LF:97
LH:53
BRDA:52,0,0,1
BRDA:71,1,0,1
BRDA:129,2,0,3
BRDA:130,3,0,3
BRDA:133,4,0,0
BRF:5
BRH:4
end_of_record
TN:
SF:src/utils/excelParser.ts
FN:5,createEmptyLearningStyle
FN:24,normalizeSerialKey
FN:46,normalizeNameKey
FN:64,createPhotoCompositeKey
FN:71,parseExcelFile
FN:207,parsePhotoFiles
FN:222,registerSerial
FN:229,registerName
FN:236,registerPair
FN:321,validateStudentData
FN:345,matchStudentsWithPhotos
FN:370,calculateDataStatistics
FNF:12
FNH:10
FNDA:0,createEmptyLearningStyle
FNDA:10,normalizeSerialKey
FNDA:13,normalizeNameKey
FNDA:10,createPhotoCompositeKey
FNDA:0,parseExcelFile
FNDA:2,parsePhotoFiles
FNDA:2,registerSerial
FNDA:5,registerName
FNDA:2,registerPair
FNDA:3,validateStudentData
FNDA:3,matchStudentsWithPhotos
FNDA:1,calculateDataStatistics
DA:1,1
DA:3,1
DA:5,1
DA:6,0
DA:7,0
DA:8,0
DA:9,0
DA:10,0
DA:11,0
DA:12,0
DA:13,0
DA:14,0
DA:15,0
DA:16,0
DA:17,0
DA:18,0
DA:20,1
DA:21,1
DA:22,1
DA:24,1
DA:25,10
DA:26,0
DA:27,0
DA:29,10
DA:30,6
DA:31,6
DA:33,4
DA:34,10
DA:35,0
DA:36,0
DA:38,4
DA:39,10
DA:40,0
DA:41,0
DA:43,4
DA:44,4
DA:46,1
DA:47,13
DA:48,0
DA:49,0
DA:51,13
DA:52,13
DA:53,0
DA:54,0
DA:56,13
DA:57,13
DA:58,13
DA:59,13
DA:61,13
DA:62,13
DA:64,1
DA:65,10
DA:66,10
DA:71,0
DA:72,0
DA:73,0
DA:75,0
DA:76,0
DA:77,0
DA:78,0
DA:79,0
DA:80,0
DA:82,0
DA:83,0
DA:84,0
DA:85,0
DA:86,0
DA:87,0
DA:88,0
DA:89,0
DA:91,0
DA:93,0
DA:94,0
DA:95,0
DA:96,0
DA:98,0
DA:99,0
DA:100,0
DA:101,0
DA:102,0
DA:104,0
DA:105,0
DA:106,0
DA:107,0
DA:108,0
DA:109,0
DA:110,0
DA:112,0
DA:113,0
DA:114,0
DA:115,0
DA:116,0
DA:117,0
DA:118,0
DA:119,0
DA:120,0
DA:121,0
DA:123,0
DA:124,0
DA:125,0
DA:126,0
DA:127,0
DA:128,0
DA:129,0
DA:130,0
DA:131,0
DA:132,0
DA:133,0
DA:134,0
DA:136,0
DA:137,0
DA:138,0
DA:139,0
DA:140,0
DA:141,0
DA:142,0
DA:144,0
DA:145,0
DA:146,0
DA:147,0
DA:149,0
DA:150,0
DA:151,0
DA:153,0
DA:154,0
DA:155,0
DA:156,0
DA:157,0
DA:159,0
DA:160,0
DA:161,0
DA:162,0
DA:163,0
DA:164,0
DA:167,0
DA:168,0
DA:171,0
DA:172,0
DA:173,0
DA:174,0
DA:175,0
DA:176,0
DA:177,0
DA:178,0
DA:179,0
DA:180,0
DA:181,0
DA:182,0
DA:183,0
DA:184,0
DA:185,0
DA:187,0
DA:188,0
DA:190,0
DA:191,0
DA:192,0
DA:193,0
DA:194,0
DA:196,0
DA:197,0
DA:198,0
DA:200,0
DA:201,0
DA:202,0
DA:207,2
DA:208,2
DA:210,2
DA:211,2
DA:212,2
DA:214,2
DA:215,2
DA:216,0
DA:217,2
DA:219,2
DA:220,2
DA:222,2
DA:223,2
DA:224,2
DA:225,2
DA:226,2
DA:227,2
DA:229,2
DA:230,5
DA:231,5
DA:232,5
DA:233,5
DA:234,5
DA:236,2
DA:237,2
DA:238,2
DA:239,2
DA:240,2
DA:241,2
DA:242,2
DA:243,2
DA:246,2
DA:247,2
DA:248,1
DA:249,1
DA:251,2
DA:252,2
DA:253,1
DA:254,1
DA:256,2
DA:257,2
DA:258,0
DA:259,0
DA:261,2
DA:262,2
DA:263,0
DA:264,0
DA:266,2
DA:267,2
DA:268,2
DA:269,2
DA:271,2
DA:272,5
DA:273,5
DA:274,1
DA:275,1
DA:276,1
DA:277,1
DA:278,1
DA:279,1
DA:280,1
DA:282,5
DA:283,1
DA:284,1
DA:285,1
DA:286,1
DA:287,1
DA:288,1
DA:289,1
DA:291,3
DA:292,5
DA:293,0
DA:294,0
DA:295,0
DA:297,3
DA:298,5
DA:299,0
DA:300,0
DA:301,0
DA:303,3
DA:304,2
DA:306,2
DA:307,2
DA:308,2
DA:309,4
DA:310,2
DA:311,2
DA:312,2
DA:313,2
DA:315,2
DA:316,2
DA:321,1
DA:324,3
DA:325,3
DA:327,3
DA:328,4
DA:329,1
DA:330,1
DA:331,4
DA:332,1
DA:333,1
DA:334,3
DA:336,3
DA:337,3
DA:338,3
DA:339,3
DA:340,3
DA:345,1
DA:346,3
DA:347,3
DA:348,3
DA:349,3
DA:350,6
DA:352,6
DA:353,6
DA:355,6
DA:356,6
DA:357,6
DA:358,6
DA:360,6
DA:361,6
DA:362,6
DA:363,6
DA:364,3
DA:365,3
DA:370,1
DA:371,1
DA:372,1
DA:373,1
DA:374,1
DA:376,1
DA:377,1
DA:378,1
DA:379,1
DA:380,1
DA:381,1
DA:382,1
DA:383,1
DA:384,1
DA:385,1
LF:304
LH:159
BRDA:24,0,0,10
BRDA:25,1,0,0
BRDA:29,2,0,6
BRDA:29,3,0,6
BRDA:31,4,0,4
BRDA:34,5,0,0
BRDA:36,6,0,4
BRDA:39,7,0,0
BRDA:41,8,0,4
BRDA:46,9,0,13
BRDA:47,10,0,0
BRDA:52,11,0,0
BRDA:61,12,0,0
BRDA:64,13,0,10
BRDA:207,14,0,2
BRDA:212,15,0,0
BRDA:215,16,0,0
BRDA:247,17,0,1
BRDA:252,18,0,1
BRDA:257,19,0,0
BRDA:262,20,0,0
BRDA:222,21,0,2
BRDA:229,22,0,5
BRDA:236,23,0,2
BRDA:268,24,0,5
BRDA:271,25,0,5
BRDA:273,26,0,1
BRDA:280,27,0,4
BRDA:282,28,0,1
BRDA:289,29,0,3
BRDA:292,30,0,0
BRDA:295,31,0,3
BRDA:298,32,0,0
BRDA:301,33,0,3
BRDA:307,34,0,2
BRDA:308,35,0,4
BRDA:321,36,0,3
BRDA:327,37,0,4
BRDA:328,38,0,1
BRDA:331,39,0,1
BRDA:345,40,0,3
BRDA:349,41,0,6
BRDA:370,42,0,1
BRDA:372,43,0,2
BRDA:373,44,0,2
BRDA:374,45,0,2
BRF:46
BRH:34
end_of_record
TN:
SF:src/utils/groupingAlgorithm.ts
FN:21,initializeRandomGroups
FN:46,calculateGroupStatistics
FN:90,cloneGroupStatistics
FN:105,cloneGroups
FN:114,initializeSeededGroups
FN:154,getEligibleGroupIndices
FN:165,pickUnlockedMemberIndex
FN:180,calculateGroupingQualityScore
FN:240,optimizeGrouping
FN:324,optimizeGroupingWithSeeds
FN:427,calculateOverallStatistics
FN:462,balancedRandomGrouping
FNF:12
FNH:12
FNDA:4,initializeRandomGroups
FNDA:23978,calculateGroupStatistics
FNDA:230,cloneGroupStatistics
FNDA:58,cloneGroups
FNDA:3,initializeSeededGroups
FNDA:5501,getEligibleGroupIndices
FNDA:11000,pickUnlockedMemberIndex
FNDA:6509,calculateGroupingQualityScore
FNDA:4,optimizeGrouping
FNDA:3,optimizeGroupingWithSeeds
FNDA:4,calculateOverallStatistics
FNDA:1,balancedRandomGrouping
DA:2,1
DA:21,1
DA:22,4
DA:23,4
DA:24,4
DA:25,4
DA:26,4
DA:27,4
DA:29,4
DA:30,15
DA:31,15
DA:32,15
DA:33,15
DA:34,15
DA:35,15
DA:36,15
DA:37,15
DA:39,4
DA:40,4
DA:41,4
DA:46,1
DA:47,23978
DA:48,5
DA:49,5
DA:50,5
DA:51,5
DA:52,5
DA:53,5
DA:54,5
DA:55,5
DA:56,5
DA:57,5
DA:59,23973
DA:60,23973
DA:61,23973
DA:62,23973
DA:65,23973
DA:66,23973
DA:69,23973
DA:72,23973
DA:74,23973
DA:75,23978
DA:76,23978
DA:77,23978
DA:78,23978
DA:79,23978
DA:80,23978
DA:81,23978
DA:82,23978
DA:83,23978
DA:90,230
DA:91,230
DA:92,230
DA:94,230
DA:95,230
DA:96,230
DA:97,230
DA:98,230
DA:99,230
DA:100,230
DA:101,230
DA:102,230
DA:103,230
DA:105,58
DA:106,58
DA:107,230
DA:108,230
DA:109,230
DA:110,230
DA:111,58
DA:112,58
DA:114,3
DA:115,3
DA:116,3
DA:117,3
DA:118,3
DA:119,3
DA:120,3
DA:121,10
DA:122,10
DA:123,10
DA:124,10
DA:125,3
DA:126,3
DA:127,3
DA:128,3
DA:130,3
DA:131,3
DA:133,3
DA:134,10
DA:135,10
DA:136,44
DA:137,44
DA:138,44
DA:139,3
DA:141,3
DA:142,0
DA:143,0
DA:144,0
DA:145,0
DA:147,3
DA:148,10
DA:149,3
DA:151,3
DA:152,3
DA:154,5501
DA:155,5501
DA:156,5501
DA:157,22002
DA:158,22002
DA:159,22000
DA:160,22000
DA:161,5501
DA:162,5501
DA:163,5501
DA:165,11000
DA:166,11000
DA:167,11000
DA:168,11000
DA:169,11000
DA:170,11000
DA:171,11000
DA:172,11000
DA:173,11000
DA:174,0
DA:175,0
DA:176,11000
DA:177,11000
DA:178,11000
DA:180,1
DA:182,6509
DA:183,6509
DA:184,6509
DA:187,6509
DA:188,6509
DA:189,6509
DA:192,6509
DA:193,6509
DA:194,6509
DA:197,6509
DA:198,6509
DA:201,6509
DA:202,6509
DA:203,6509
DA:206,6509
DA:207,6509
DA:208,6509
DA:209,26032
DA:210,26032
DA:211,26032
DA:212,26032
DA:213,6509
DA:214,6509
DA:221,6509
DA:222,6509
DA:223,6509
DA:226,6509
DA:227,6509
DA:228,6509
DA:229,6509
DA:230,6509
DA:231,6509
DA:232,6509
DA:234,6509
DA:235,6509
DA:240,1
DA:241,4
DA:242,4
DA:243,4
DA:244,4
DA:245,4
DA:246,4
DA:247,4
DA:248,3
DA:249,3
DA:250,3
DA:251,3
DA:252,3
DA:253,3
DA:254,3
DA:255,3
DA:257,1
DA:258,1
DA:259,1
DA:260,1
DA:262,1
DA:263,1
DA:265,4
DA:266,1000
DA:267,0
DA:268,0
DA:270,1000
DA:271,1000
DA:272,1000
DA:273,1000
DA:274,0
DA:276,1000
DA:277,1000
DA:279,1000
DA:280,1000
DA:281,1000
DA:283,1000
DA:284,1000
DA:286,1000
DA:287,1000
DA:289,1000
DA:290,206
DA:291,206
DA:292,18
DA:293,18
DA:294,18
DA:295,1000
DA:296,794
DA:297,794
DA:298,794
DA:300,794
DA:301,794
DA:302,794
DA:304,1000
DA:305,1000
DA:306,0
DA:307,0
DA:308,1000
DA:310,1
DA:311,1
DA:312,4
DA:313,4
DA:314,1
DA:315,1
DA:317,1
DA:318,1
DA:319,1
DA:320,1
DA:321,1
DA:322,1
DA:324,3
DA:325,3
DA:326,3
DA:327,3
DA:328,3
DA:329,3
DA:330,3
DA:331,3
DA:332,0
DA:333,0
DA:335,3
DA:337,3
DA:338,0
DA:339,0
DA:340,0
DA:341,0
DA:342,0
DA:343,0
DA:344,0
DA:345,0
DA:346,0
DA:347,0
DA:348,0
DA:349,0
DA:350,0
DA:351,0
DA:353,3
DA:354,3
DA:355,3
DA:357,3
DA:358,3
DA:360,3
DA:361,5501
DA:362,5501
DA:363,1
DA:364,1
DA:366,5500
DA:367,5500
DA:368,5501
DA:369,7316
DA:370,7316
DA:372,5500
DA:373,5500
DA:375,5501
DA:376,0
DA:377,0
DA:379,5500
DA:380,5500
DA:381,5500
DA:383,5500
DA:384,5500
DA:386,5500
DA:387,5500
DA:389,5501
DA:390,830
DA:391,830
DA:392,36
DA:393,36
DA:394,36
DA:395,5501
DA:396,4670
DA:397,4670
DA:398,4670
DA:400,4670
DA:401,4670
DA:402,4670
DA:404,5500
DA:405,5501
DA:406,0
DA:407,0
DA:408,5501
DA:410,3
DA:411,3
DA:412,10
DA:413,10
DA:414,3
DA:415,3
DA:417,3
DA:418,3
DA:419,3
DA:420,3
DA:421,3
DA:422,3
DA:427,4
DA:428,4
DA:429,0
DA:430,0
DA:431,0
DA:432,0
DA:433,0
DA:434,0
DA:435,0
DA:436,0
DA:437,0
DA:438,0
DA:440,4
DA:441,4
DA:443,4
DA:444,4
DA:445,4
DA:446,4
DA:448,4
DA:449,4
DA:450,4
DA:451,4
DA:452,4
DA:453,4
DA:454,4
DA:455,4
DA:456,4
DA:457,4
DA:462,1
DA:463,1
DA:464,1
DA:465,1
DA:466,1
DA:467,1
DA:468,1
DA:469,1
DA:470,1
DA:471,1
DA:472,1
DA:473,1
DA:474,1
DA:476,1
DA:477,1
LF:361
LH:320
BRDA:21,0,0,4
BRDA:29,1,0,15
BRDA:25,2,0,307
BRDA:46,3,0,23978
BRDA:47,4,0,5
BRDA:57,5,0,23973
BRDA:75,6,0,0
BRDA:59,7,0,143827
BRDA:60,8,0,143827
BRDA:61,9,0,143827
BRDA:62,10,0,143827
BRDA:65,11,0,143827
BRDA:90,12,0,230
BRDA:105,13,0,58
BRDA:106,14,0,230
BRDA:114,15,0,3
BRDA:141,16,0,0
BRDA:141,17,0,0
BRDA:119,18,0,7
BRDA:120,19,0,10
BRDA:127,20,0,10
BRDA:127,21,0,16
BRDA:130,22,0,141
BRDA:133,23,0,10
BRDA:135,24,0,44
BRDA:135,25,0,44
BRDA:147,26,0,10
BRDA:154,27,0,5501
BRDA:156,28,0,22002
BRDA:158,29,0,22000
BRDA:157,30,0,28512
BRDA:165,31,0,11000
BRDA:173,32,0,0
BRDA:171,33,0,66000
BRDA:171,34,0,3149
BRDA:171,35,0,62851
BRDA:172,36,0,66000
BRDA:180,37,0,6509
BRDA:182,38,0,26032
BRDA:187,39,0,26032
BRDA:192,40,0,26032
BRDA:197,41,0,26032
BRDA:202,42,0,26032
BRDA:206,43,0,26032
BRDA:208,44,0,26032
BRDA:214,45,0,26036
BRDA:221,46,0,26032
BRDA:240,47,0,4
BRDA:247,48,0,3
BRDA:247,49,0,3
BRDA:247,50,0,3
BRDA:255,51,0,1
BRDA:265,52,0,1000
BRDA:266,53,0,0
BRDA:273,54,0,0
BRDA:289,55,0,892
BRDA:289,56,0,206
BRDA:291,57,0,18
BRDA:295,58,0,794
BRDA:305,59,0,0
BRDA:308,60,0,1
BRDA:310,61,0,3
BRDA:311,62,0,4
BRDA:324,63,0,3
BRDA:331,64,0,0
BRDA:337,65,0,0
BRDA:360,66,0,5501
BRDA:362,67,0,1
BRDA:364,68,0,5500
BRDA:368,69,0,7316
BRDA:370,70,0,5500
BRDA:375,71,0,0
BRDA:377,72,0,5500
BRDA:389,73,0,5081
BRDA:389,74,0,830
BRDA:391,75,0,36
BRDA:395,76,0,4670
BRDA:402,77,0,5500
BRDA:405,78,0,0
BRDA:410,79,0,7
BRDA:411,80,0,10
BRDA:427,81,0,4
BRDA:428,82,0,0
BRDA:440,83,0,14
BRDA:443,84,0,14
BRDA:444,85,0,14
BRDA:445,86,0,14
BRDA:446,87,0,14
BRDA:455,88,0,14
BRDA:462,89,0,1
BRF:90
BRH:78
end_of_record
TN:
SF:src/utils/learningStyleUtils.ts
FN:6,getLearningStyleVector
FN:18,calculateLearningStyleDistance
FN:32,calculateAverageLearningStyle
FN:49,calculateIntraGroupDiversity
FN:71,calculateVectorDistance
FN:79,calculateVariance
FN:90,calculateStdDev
FN:98,calculateLearningStyleFromILS
FNF:8
FNH:6
FNDA:862965,getLearningStyleVector
FNDA:359569,calculateLearningStyleDistance
FNDA:23973,calculateAverageLearningStyle
FNDA:23973,calculateIntraGroupDiversity
FNDA:26032,calculateVectorDistance
FNDA:26048,calculateVariance
FNDA:0,calculateStdDev
FNDA:0,calculateLearningStyleFromILS
DA:6,1
DA:7,862965
DA:8,862965
DA:9,862965
DA:10,862965
DA:11,862965
DA:12,862965
DA:13,862965
DA:18,1
DA:19,359569
DA:20,359569
DA:21,359569
DA:22,359569
DA:23,359569
DA:25,359569
DA:26,359569
DA:27,359569
DA:32,1
DA:33,23973
DA:35,23973
DA:36,23973
DA:37,143827
DA:38,143827
DA:39,143827
DA:40,23973
DA:41,23973
DA:43,23973
DA:44,23973
DA:49,1
DA:50,23973
DA:52,23971
DA:53,23971
DA:55,23973
DA:56,143825
DA:57,359569
DA:58,359569
DA:59,359569
DA:60,359569
DA:61,359569
DA:62,359569
DA:63,143825
DA:65,23973
DA:66,23973
DA:71,1
DA:72,26032
DA:73,26032
DA:74,26032
DA:79,1
DA:80,26048
DA:82,26048
DA:83,26048
DA:84,26048
DA:85,26048
DA:90,1
DA:91,0
DA:92,0
DA:98,1
DA:99,0
DA:100,0
DA:101,0
DA:103,0
DA:104,0
DA:105,0
DA:106,0
DA:107,0
DA:109,0
DA:110,0
DA:111,0
DA:112,0
DA:113,0
DA:114,0
DA:115,0
DA:116,0
DA:117,0
DA:118,0
DA:119,0
DA:120,0
DA:121,0
DA:122,0
DA:124,0
DA:125,0
DA:126,0
DA:127,0
DA:128,0
DA:129,0
DA:131,0
DA:132,0
DA:133,0
DA:134,0
DA:135,0
DA:136,0
DA:137,0
DA:138,0
DA:139,0
DA:140,0
DA:141,0
DA:142,0
DA:143,0
DA:144,0
DA:145,0
DA:146,0
DA:147,0
DA:148,0
DA:149,0
DA:150,0
DA:151,0
DA:152,0
DA:153,0
DA:154,0
DA:155,0
DA:157,0
DA:158,0
LF:112
LH:55
BRDA:6,0,0,862965
BRDA:18,1,0,359569
BRDA:25,2,0,1438276
BRDA:32,3,0,23973
BRDA:33,4,0,0
BRDA:36,5,0,143827
BRDA:38,6,0,575308
BRDA:43,7,0,95892
BRDA:49,8,0,23973
BRDA:50,9,0,2
BRDA:50,10,0,23971
BRDA:55,11,0,143825
BRDA:56,12,0,359569
BRDA:63,13,0,23971
BRDA:65,14,0,0
BRDA:71,15,0,26032
BRDA:72,16,0,104128
BRDA:79,17,0,26048
BRDA:80,18,0,0
BRDA:82,19,0,104170
BRDA:83,20,0,104170
BRDA:84,21,0,104170
BRF:22
BRH:19
end_of_record
